c:\users\suhey\desktop\bejeweled\bejeweled\debug\vc142.pdb
c:\users\suhey\desktop\bejeweled\bejeweled\debug\vc142.idb
c:\users\suhey\desktop\bejeweled\bejeweled\debug\mainwindow.obj
c:\users\suhey\desktop\bejeweled\bejeweled\debug\bejeweled.obj
c:\users\suhey\desktop\bejeweled\bejeweled\debug\arithmetics.obj
c:\users\suhey\desktop\bejeweled\debug\bejeweled.exe
c:\users\suhey\desktop\bejeweled\debug\bejeweled.ilk
c:\users\suhey\desktop\bejeweled\debug\bejeweled.pdb
c:\users\suhey\desktop\bejeweled\bejeweled\debug\bejeweled.tlog\cl.command.1.tlog
c:\users\suhey\desktop\bejeweled\bejeweled\debug\bejeweled.tlog\cl.read.1.tlog
c:\users\suhey\desktop\bejeweled\bejeweled\debug\bejeweled.tlog\cl.write.1.tlog
c:\users\suhey\desktop\bejeweled\bejeweled\debug\bejeweled.tlog\link-cvtres.read.1.tlog
c:\users\suhey\desktop\bejeweled\bejeweled\debug\bejeweled.tlog\link-cvtres.write.1.tlog
c:\users\suhey\desktop\bejeweled\bejeweled\debug\bejeweled.tlog\link-rc.read.1.tlog
c:\users\suhey\desktop\bejeweled\bejeweled\debug\bejeweled.tlog\link-rc.write.1.tlog
c:\users\suhey\desktop\bejeweled\bejeweled\debug\bejeweled.tlog\link.27752-cvtres.read.1.tlog
c:\users\suhey\desktop\bejeweled\bejeweled\debug\bejeweled.tlog\link.27752-cvtres.write.1.tlog
c:\users\suhey\desktop\bejeweled\bejeweled\debug\bejeweled.tlog\link.27752-rc.read.1.tlog
c:\users\suhey\desktop\bejeweled\bejeweled\debug\bejeweled.tlog\link.27752-rc.write.1.tlog
c:\users\suhey\desktop\bejeweled\bejeweled\debug\bejeweled.tlog\link.27752.read.1.tlog
c:\users\suhey\desktop\bejeweled\bejeweled\debug\bejeweled.tlog\link.27752.write.1.tlog
c:\users\suhey\desktop\bejeweled\bejeweled\debug\bejeweled.tlog\link.command.1.tlog
c:\users\suhey\desktop\bejeweled\bejeweled\debug\bejeweled.tlog\link.read.1.tlog
c:\users\suhey\desktop\bejeweled\bejeweled\debug\bejeweled.tlog\link.write.1.tlog
